<?xml version="1.0" encoding="UTF-8"?>
<!-- Generated by org.testng.reporters.JUnitReportReporter -->
<testsuite hostname="WL350671" failures="0" tests="9" name="com.tieto.test.LoginTest" time="121.384" errors="0" timestamp="2020-07-03T14:55:17 IST" skipped="0">
  <testcase classname="com.tieto.test.LoginTest" name="checkLinkCount" time="12.347"/>
  <system-out/>
  <testcase classname="com.tieto.test.LoginTest" name="validCredentialTest" time="14.958"/>
  <system-out>
OpenEMR  </system-out>
  <testcase classname="com.tieto.test.LoginTest" name="validCredentialTest" time="15.251"/>
  <system-out>
OpenEMR  </system-out>
  <testcase classname="com.tieto.test.LoginTest" name="validCredentialTest" time="15.120"/>
  <system-out>
OpenEMR  </system-out>
  <testcase classname="com.tieto.test.LoginTest" name="validCredentialTest" time="15.713"/>
  <system-out>
OpenEMR  </system-out>
  <testcase classname="com.tieto.test.LoginTest" name="invalidCredentialTest" time="11.901"/>
  <system-out>
Invalid username or password  </system-out>
  <testcase classname="com.tieto.test.LoginTest" name="invalidCredentialTest" time="12.147"/>
  <system-out>
Invalid username or password  </system-out>
  <testcase classname="com.tieto.test.LoginTest" name="invalidCredentialTest" time="11.886"/>
  <system-out>
Invalid username or password  </system-out>
  <testcase classname="com.tieto.test.LoginTest" name="invalidCredentialTest" time="12.061"/>
  <system-out>
Invalid username or password  </system-out>
</testsuite> <!-- com.tieto.test.LoginTest -->
