<?xml version="1.0" encoding="UTF-8"?>
<!-- Generated by org.testng.reporters.JUnitReportReporter -->
<testsuite hostname="WL350671" failures="0" tests="1" name="com.tieto.test.AddPatientTest" time="73.753" errors="0" timestamp="2020-07-03T09:33:19 IST" skipped="0">
  <testcase classname="com.tieto.test.AddPatientTest" name="createPtientTest" time="73.753"/>
  <system-out/>
</testsuite> <!-- com.tieto.test.AddPatientTest -->
